#
# There is insufficient memory for the Java Runtime Environment to continue.
# Native memory allocation (malloc) failed to allocate 1969216 bytes for Chunk::new
# Possible reasons:
#   The system is out of physical RAM or swap space
#   In 32 bit mode, the process size limit was hit
# Possible solutions:
#   Reduce memory load on the system
#   Increase physical memory or swap space
#   Check if swap backing store is full
#   Use 64 bit Java on a 64 bit OS
#   Decrease Java heap size (-Xmx/-Xms)
#   Decrease number of Java threads
#   Decrease Java thread stack sizes (-Xss)
#   Set larger code cache with -XX:ReservedCodeCacheSize=
# This output file may be truncated or incomplete.
#
#  Out of Memory Error (allocation.cpp:390), pid=7176, tid=1164
#
# JRE version: Java(TM) SE Runtime Environment (8.0_73-b02) (build 1.8.0_73-b02)
# Java VM: Java HotSpot(TM) 64-Bit Server VM (25.73-b02 mixed mode windows-amd64 compressed oops)
# Failed to write core dump. Minidumps are not enabled by default on client versions of Windows
#

---------------  T H R E A D  ---------------

Current thread (0x0000000014890000):  JavaThread "C2 CompilerThread1" daemon [_thread_in_native, id=1164, stack(0x0000000015ff0000,0x00000000160f0000)]

Stack: [0x0000000015ff0000,0x00000000160f0000]
[error occurred during error reporting (printing stack bounds), id 0xc0000005]

Native frames: (J=compiled Java code, j=interpreted, Vv=VM code, C=native code)


Current CompileTask:
C2:   8614 2061   !   4       com.android.dx.cf.code.BytecodeArray::parseInstruction (2764 bytes)


---------------  P R O C E S S  ---------------

Java Threads: ( => current thread )
  0x00000000163e9800 JavaThread "pool-1-thread-4" [_thread_in_Java, id=12160, stack(0x0000000016bf0000,0x0000000016cf0000)]
  0x00000000163e8800 JavaThread "pool-1-thread-3" [_thread_in_Java, id=9536, stack(0x0000000016af0000,0x0000000016bf0000)]
  0x00000000163e7800 JavaThread "pool-1-thread-2" [_thread_blocked, id=11780, stack(0x00000000169f0000,0x0000000016af0000)]
  0x00000000163a4800 JavaThread "pool-2-thread-1" [_thread_blocked, id=5200, stack(0x00000000168f0000,0x00000000169f0000)]
  0x00000000163a4000 JavaThread "pool-1-thread-1" [_thread_in_Java, id=9540, stack(0x00000000167f0000,0x00000000168f0000)]
  0x00000000160fd000 JavaThread "Service Thread" daemon [_thread_blocked, id=13032, stack(0x00000000165f0000,0x00000000166f0000)]
  0x00000000160f8800 JavaThread "C1 CompilerThread2" daemon [_thread_blocked, id=1404, stack(0x00000000164f0000,0x00000000165f0000)]
=>0x0000000014890000 JavaThread "C2 CompilerThread1" daemon [_thread_in_native, id=1164, stack(0x0000000015ff0000,0x00000000160f0000)]
  0x0000000014889800 JavaThread "C2 CompilerThread0" daemon [_thread_in_native, id=4632, stack(0x0000000015ef0000,0x0000000015ff0000)]
  0x0000000014886800 JavaThread "Attach Listener" daemon [_thread_blocked, id=7076, stack(0x0000000015df0000,0x0000000015ef0000)]
  0x0000000014885800 JavaThread "Signal Dispatcher" daemon [_thread_blocked, id=1792, stack(0x0000000015cf0000,0x0000000015df0000)]
  0x00000000021b0800 JavaThread "Finalizer" daemon [_thread_blocked, id=10268, stack(0x0000000015b10000,0x0000000015c10000)]
  0x00000000021ad000 JavaThread "Reference Handler" daemon [_thread_blocked, id=11276, stack(0x0000000015a10000,0x0000000015b10000)]
  0x00000000020c0800 JavaThread "main" [_thread_in_Java, id=3904, stack(0x0000000001e90000,0x0000000001f90000)]

Other Threads:
  0x0000000014858000 VMThread [stack: 0x0000000015910000,0x0000000015a10000] [id=4084]
  0x0000000016102000 WatcherThread [stack: 0x00000000166f0000,0x00000000167f0000] [id=7228]

VM state:not at safepoint (normal execution)

VM Mutex/Monitor currently owned by a thread: None

Heap:
 PSYoungGen      total 170496K, used 78362K [0x00000000eab00000, 0x00000000f5800000, 0x0000000100000000)
  eden space 163840K, 43% used [0x00000000eab00000,0x00000000ef10e458,0x00000000f4b00000)
  from space 6656K, 99% used [0x00000000f5180000,0x00000000f57f85d0,0x00000000f5800000)
  to   space 6656K, 0% used [0x00000000f4b00000,0x00000000f4b00000,0x00000000f5180000)
 ParOldGen       total 109568K, used 29655K [0x00000000c0000000, 0x00000000c6b00000, 0x00000000eab00000)
  object space 109568K, 27% used [0x00000000c0000000,0x00000000c1cf5fe0,0x00000000c6b00000)
 Metaspace       used 6493K, capacity 7256K, committed 7424K, reserved 1056768K
  class space    used 624K, capacity 656K, committed 768K, reserved 1048576K

Card table byte_map: [0x0000000011580000,0x0000000011790000] byte_map_base: 0x0000000010f80000

Marking Bits: (ParMarkBitMap*) 0x0000000063030600
 Begin Bits: [0x0000000011cf0000, 0x0000000012cf0000)
 End Bits:   [0x0000000012cf0000, 0x0000000013cf0000)

Polling page: 0x0000000000510000

CodeCache: size=245760Kb used=8484Kb max_used=8487Kb free=237275Kb
 bounds [0x00000000021c0000, 0x0000000002a20000, 0x00000000111c0000]
 total_blobs=2254 nmethods=1984 adapters=182
 compilation: enabled

Compilation events (10 events):
Event: 8.435 Thread 0x0000000014890000 2080       4       com.android.dx.rop.code.RegisterSpec::hashCodeOf (30 bytes)
Event: 8.435 Thread 0x00000000160f8800 nmethod 2081 0x0000000002a09910 code [0x0000000002a09b20, 0x0000000002a0a208]
Event: 8.448 Thread 0x0000000014890000 nmethod 2080 0x0000000002a05ed0 code [0x0000000002a06020, 0x0000000002a06498]
Event: 8.448 Thread 0x0000000014890000 2061   !   4       com.android.dx.cf.code.BytecodeArray::parseInstruction (2764 bytes)
Event: 8.459 Thread 0x00000000160f8800 2083       2       com.android.dx.cf.code.Simulator::requiredArrayTypeFor (74 bytes)
Event: 8.459 Thread 0x00000000160f8800 nmethod 2083 0x0000000002a05750 code [0x0000000002a05900, 0x0000000002a05c18]
Event: 8.468 Thread 0x00000000160f8800 2084       2       com.android.dx.ssa.back.RegisterAllocator::insertMoveBefore (240 bytes)
Event: 8.471 Thread 0x00000000160f8800 nmethod 2084 0x0000000002a06f10 code [0x0000000002a07220, 0x0000000002a081c8]
Event: 8.609 Thread 0x00000000160f8800 2085       2       java.util.concurrent.locks.AbstractQueuedSynchronizer$Node::<init> (15 bytes)
Event: 8.609 Thread 0x00000000160f8800 nmethod 2085 0x0000000002a06bd0 code [0x0000000002a06d20, 0x0000000002a06e90]

GC Heap History (8 events):
Event: 3.288 GC heap before
{Heap before GC invocations=1 (full 0):
 PSYoungGen      total 47616K, used 40960K [0x00000000eab00000, 0x00000000ee000000, 0x0000000100000000)
  eden space 40960K, 100% used [0x00000000eab00000,0x00000000ed300000,0x00000000ed300000)
  from space 6656K, 0% used [0x00000000ed980000,0x00000000ed980000,0x00000000ee000000)
  to   space 6656K, 0% used [0x00000000ed300000,0x00000000ed300000,0x00000000ed980000)
 ParOldGen       total 109568K, used 0K [0x00000000c0000000, 0x00000000c6b00000, 0x00000000eab00000)
  object space 109568K, 0% used [0x00000000c0000000,0x00000000c0000000,0x00000000c6b00000)
 Metaspace       used 6005K, capacity 6896K, committed 7040K, reserved 1056768K
  class space    used 602K, capacity 616K, committed 640K, reserved 1048576K
Event: 3.349 GC heap after
Heap after GC invocations=1 (full 0):
 PSYoungGen      total 47616K, used 6593K [0x00000000eab00000, 0x00000000f0800000, 0x0000000100000000)
  eden space 40960K, 0% used [0x00000000eab00000,0x00000000eab00000,0x00000000ed300000)
  from space 6656K, 99% used [0x00000000ed300000,0x00000000ed9706d8,0x00000000ed980000)
  to   space 6656K, 0% used [0x00000000f0180000,0x00000000f0180000,0x00000000f0800000)
 ParOldGen       total 109568K, used 16K [0x00000000c0000000, 0x00000000c6b00000, 0x00000000eab00000)
  object space 109568K, 0% used [0x00000000c0000000,0x00000000c0004000,0x00000000c6b00000)
 Metaspace       used 6005K, capacity 6896K, committed 7040K, reserved 1056768K
  class space    used 602K, capacity 616K, committed 640K, reserved 1048576K
}
Event: 4.379 GC heap before
{Heap before GC invocations=2 (full 0):
 PSYoungGen      total 47616K, used 47553K [0x00000000eab00000, 0x00000000f0800000, 0x0000000100000000)
  eden space 40960K, 100% used [0x00000000eab00000,0x00000000ed300000,0x00000000ed300000)
  from space 6656K, 99% used [0x00000000ed300000,0x00000000ed9706d8,0x00000000ed980000)
  to   space 6656K, 0% used [0x00000000f0180000,0x00000000f0180000,0x00000000f0800000)
 ParOldGen       total 109568K, used 16K [0x00000000c0000000, 0x00000000c6b00000, 0x00000000eab00000)
  object space 109568K, 0% used [0x00000000c0000000,0x00000000c0004000,0x00000000c6b00000)
 Metaspace       used 6185K, capacity 7088K, committed 7296K, reserved 1056768K
  class space    used 602K, capacity 616K, committed 640K, reserved 1048576K
Event: 4.399 GC heap after
Heap after GC invocations=2 (full 0):
 PSYoungGen      total 88576K, used 6639K [0x00000000eab00000, 0x00000000f0800000, 0x0000000100000000)
  eden space 81920K, 0% used [0x00000000eab00000,0x00000000eab00000,0x00000000efb00000)
  from space 6656K, 99% used [0x00000000f0180000,0x00000000f07fbe40,0x00000000f0800000)
  to   space 6656K, 0% used [0x00000000efb00000,0x00000000efb00000,0x00000000f0180000)
 ParOldGen       total 109568K, used 3907K [0x00000000c0000000, 0x00000000c6b00000, 0x00000000eab00000)
  object space 109568K, 3% used [0x00000000c0000000,0x00000000c03d0f38,0x00000000c6b00000)
 Metaspace       used 6185K, capacity 7088K, committed 7296K, reserved 1056768K
  class space    used 602K, capacity 616K, committed 640K, reserved 1048576K
}
Event: 5.525 GC heap before
{Heap before GC invocations=3 (full 0):
 PSYoungGen      total 88576K, used 88559K [0x00000000eab00000, 0x00000000f0800000, 0x0000000100000000)
  eden space 81920K, 100% used [0x00000000eab00000,0x00000000efb00000,0x00000000efb00000)
  from space 6656K, 99% used [0x00000000f0180000,0x00000000f07fbe40,0x00000000f0800000)
  to   space 6656K, 0% used [0x00000000efb00000,0x00000000efb00000,0x00000000f0180000)
 ParOldGen       total 109568K, used 3907K [0x00000000c0000000, 0x00000000c6b00000, 0x00000000eab00000)
  object space 109568K, 3% used [0x00000000c0000000,0x00000000c03d0f38,0x00000000c6b00000)
 Metaspace       used 6290K, capacity 7152K, committed 7296K, reserved 1056768K
  class space    used 603K, capacity 616K, committed 640K, reserved 1048576K
Event: 5.559 GC heap after
Heap after GC invocations=3 (full 0):
 PSYoungGen      total 88576K, used 6655K [0x00000000eab00000, 0x00000000f5800000, 0x0000000100000000)
  eden space 81920K, 0% used [0x00000000eab00000,0x00000000eab00000,0x00000000efb00000)
  from space 6656K, 99% used [0x00000000efb00000,0x00000000f017fe60,0x00000000f0180000)
  to   space 6656K, 0% used [0x00000000f5180000,0x00000000f5180000,0x00000000f5800000)
 ParOldGen       total 109568K, used 16254K [0x00000000c0000000, 0x00000000c6b00000, 0x00000000eab00000)
  object space 109568K, 14% used [0x00000000c0000000,0x00000000c0fdf888,0x00000000c6b00000)
 Metaspace       used 6290K, capacity 7152K, committed 7296K, reserved 1056768K
  class space    used 603K, capacity 616K, committed 640K, reserved 1048576K
}
Event: 7.465 GC heap before
{Heap before GC invocations=4 (full 0):
 PSYoungGen      total 88576K, used 88575K [0x00000000eab00000, 0x00000000f5800000, 0x0000000100000000)
  eden space 81920K, 100% used [0x00000000eab00000,0x00000000efb00000,0x00000000efb00000)
  from space 6656K, 99% used [0x00000000efb00000,0x00000000f017fe60,0x00000000f0180000)
  to   space 6656K, 0% used [0x00000000f5180000,0x00000000f5180000,0x00000000f5800000)
 ParOldGen       total 109568K, used 16254K [0x00000000c0000000, 0x00000000c6b00000, 0x00000000eab00000)
  object space 109568K, 14% used [0x00000000c0000000,0x00000000c0fdf888,0x00000000c6b00000)
 Metaspace       used 6378K, capacity 7216K, committed 7296K, reserved 1056768K
  class space    used 603K, capacity 616K, committed 640K, reserved 1048576K
Event: 7.780 GC heap after
Heap after GC invocations=4 (full 0):
 PSYoungGen      total 170496K, used 6625K [0x00000000eab00000, 0x00000000f5800000, 0x0000000100000000)
  eden space 163840K, 0% used [0x00000000eab00000,0x00000000eab00000,0x00000000f4b00000)
  from space 6656K, 99% used [0x00000000f5180000,0x00000000f57f85d0,0x00000000f5800000)
  to   space 6656K, 0% used [0x00000000f4b00000,0x00000000f4b00000,0x00000000f5180000)
 ParOldGen       total 109568K, used 29655K [0x00000000c0000000, 0x00000000c6b00000, 0x00000000eab00000)
  object space 109568K, 27% used [0x00000000c0000000,0x00000000c1cf5fe0,0x00000000c6b00000)
 Metaspace       used 6378K, capacity 7216K, committed 7296K, reserved 1056768K
  class space    used 603K, capacity 616K, committed 640K, reserved 1048576K
}

Deoptimization events (10 events):
Event: 5.934 Thread 0x00000000163e7800 Uncommon trap: reason=bimorphic action=maybe_recompile pc=0x000000000290904c method=com.android.dx.cf.code.RopperMachine.run(Lcom/android/dx/cf/code/Frame;II)V @ 988
Event: 5.938 Thread 0x00000000163e7800 Uncommon trap: reason=bimorphic action=maybe_recompile pc=0x000000000290904c method=com.android.dx.cf.code.RopperMachine.run(Lcom/android/dx/cf/code/Frame;II)V @ 988
Event: 6.647 Thread 0x00000000163e7800 Uncommon trap: reason=unstable_if action=reinterpret pc=0x00000000027ffbc0 method=com.android.dx.rop.code.LocalItem.compareHandlesNulls(Lcom/android/dx/rop/cst/CstString;Lcom/android/dx/rop/cst/CstString;)I @ 14
Event: 8.184 Thread 0x00000000163e8800 Uncommon trap: reason=bimorphic action=maybe_recompile pc=0x0000000002972764 method=com.android.dx.cf.code.BytecodeArray.parseInstruction(ILcom/android/dx/cf/code/BytecodeArray$Visitor;)I @ 1161
Event: 8.184 Thread 0x00000000163e8800 Uncommon trap: reason=bimorphic action=maybe_recompile pc=0x0000000002972764 method=com.android.dx.cf.code.BytecodeArray.parseInstruction(ILcom/android/dx/cf/code/BytecodeArray$Visitor;)I @ 1161
Event: 8.213 Thread 0x00000000163a4000 Uncommon trap: reason=unstable_if action=reinterpret pc=0x00000000026b9fb8 method=java.util.HashMap.putVal(ILjava/lang/Object;Ljava/lang/Object;ZZ)Ljava/lang/Object; @ 162
Event: 8.218 Thread 0x00000000163a4000 Uncommon trap: reason=unstable_if action=reinterpret pc=0x00000000027e8b10 method=java.util.HashMap.getNode(ILjava/lang/Object;)Ljava/util/HashMap$Node; @ 84
Event: 8.399 Thread 0x00000000020c0800 Uncommon trap: reason=unstable_if action=reinterpret pc=0x00000000027dce94 method=com.android.dx.ssa.MoveParamCombiner$1.visitNonMoveInsn(Lcom/android/dx/ssa/NormalSsaInsn;)V @ 27
Event: 8.467 Thread 0x00000000163e9800 Uncommon trap: reason=bimorphic action=maybe_recompile pc=0x00000000029012a4 method=com.android.dx.ssa.LiteralOpUpgrader.tryReplacingWithConstant(Lcom/android/dx/ssa/NormalSsaInsn;)Z @ 62
Event: 8.473 Thread 0x00000000163e9800 Uncommon trap: reason=bimorphic action=maybe_recompile pc=0x00000000029012a4 method=com.android.dx.ssa.LiteralOpUpgrader.tryReplacingWithConstant(Lcom/android/dx/ssa/NormalSsaInsn;)Z @ 62

Internal exceptions (6 events):
Event: 1.051 Thread 0x00000000020c0800 Exception <a 'java/lang/NoSuchMethodError': Method sun.misc.Unsafe.defineClass(Ljava/lang/String;[BII)Ljava/lang/Class; name or signature does not match> (0x00000000eab0d428) thrown at [D:\re\puppet\workspace\8-2-build-windows-amd64-cygwin\jdk8u73\6086\hot‚Šyç}Ðð?
Event: 1.051 Thread 0x00000000020c0800 Exception <a 'java/lang/NoSuchMethodError': Method sun.misc.Unsafe.prefetchRead(Ljava/lang/Object;J)V name or signature does not match> (0x00000000eab0d710) thrown at [D:\re\puppet\workspace\8-2-build-windows-amd64-cygwin\jdk8u73\6086\hotspot\src\share\vm\ö IØ–@
Event: 6.647 Thread 0x00000000163e7800 Implicit null exception at 0x00000000027fe55e to 0x00000000027ffb91
Event: 8.215 Thread 0x00000000163a4000 Exception <a 'java/lang/ArrayIndexOutOfBoundsException': 18> (0x00000000ed3e0818) thrown at [D:\re\puppet\workspace\8-2-build-windows-amd64-cygwin\jdk8u73\6086\hotspot\src\share\vm\interpreter\interpreterRuntime.cpp, line 366]
Event: 8.216 Thread 0x00000000163a4000 Exception <a 'java/lang/ArrayIndexOutOfBoundsException': 145> (0x00000000ed3e2398) thrown at [D:\re\puppet\workspace\8-2-build-windows-amd64-cygwin\jdk8u73\6086\hotspot\src\share\vm\interpreter\interpreterRuntime.cpp, line 366]
Event: 8.217 Thread 0x00000000163a4000 Exception <a 'java/lang/ArrayIndexOutOfBoundsException'> (0x00000000ed3e3680) thrown at [D:\re\puppet\workspace\8-2-build-windows-amd64-cygwin\jdk8u73\6086\hotspot\src\share\vm\runtime\sharedRuntime.cpp, line 605]

Events (10 events):
Event: 8.218 Thread 0x00000000163a4000 DEOPT UNPACKING pc=0x000000000220582a sp=0x00000000168ee958 mode 2
Event: 8.399 Thread 0x00000000020c0800 Uncommon trap: trap_request=0xffffff65 fr.pc=0x00000000027dce94
Event: 8.399 Thread 0x00000000020c0800 DEOPT PACKING pc=0x00000000027dce94 sp=0x0000000001f8e4c0
Event: 8.399 Thread 0x00000000020c0800 DEOPT UNPACKING pc=0x000000000220582a sp=0x0000000001f8e418 mode 2
Event: 8.467 Thread 0x00000000163e9800 Uncommon trap: trap_request=0xffffffc6 fr.pc=0x00000000029012a4
Event: 8.467 Thread 0x00000000163e9800 DEOPT PACKING pc=0x00000000029012a4 sp=0x0000000016ceea90
Event: 8.467 Thread 0x00000000163e9800 DEOPT UNPACKING pc=0x000000000220582a sp=0x0000000016cee948 mode 2
Event: 8.473 Thread 0x00000000163e9800 Uncommon trap: trap_request=0xffffffc6 fr.pc=0x00000000029012a4
Event: 8.473 Thread 0x00000000163e9800 DEOPT PACKING pc=0x00000000029012a4 sp=0x0000000016cee9e0
Event: 8.473 Thread 0x00000000163e9800 DEOPT UNPACKING pc=0x000000000220582a sp=0x0000000016cee898 mode 2


Dynamic libraries:
0x00007ff7de7a0000 - 0x00007ff7de7d7000 	C:\Program Files\Java\jdk1.8.0_73\bin\java.exe
0x00007ffda2450000 - 0x00007ffda2611000 	C:\WINDOWS\SYSTEM32\ntdll.dll
0x00007ffda1020000 - 0x00007ffda10cd000 	C:\WINDOWS\system32\KERNEL32.DLL
0x00007ffd9f490000 - 0x00007ffd9f678000 	C:\WINDOWS\system32\KERNELBASE.dll
0x00007ffda1780000 - 0x00007ffda1827000 	C:\WINDOWS\system32\ADVAPI32.dll
0x00007ffd9f9c0000 - 0x00007ffd9fa5d000 	C:\WINDOWS\system32\msvcrt.dll
0x00007ffda16b0000 - 0x00007ffda170b000 	C:\WINDOWS\system32\sechost.dll
0x00007ffda1e80000 - 0x00007ffda1f9c000 	C:\WINDOWS\system32\RPCRT4.dll
0x00007ffda2010000 - 0x00007ffda2166000 	C:\WINDOWS\system32\USER32.dll
0x00007ffda1520000 - 0x00007ffda16a6000 	C:\WINDOWS\system32\GDI32.dll
0x00007ffd98d00000 - 0x00007ffd98f74000 	C:\WINDOWS\WinSxS\amd64_microsoft.windows.common-controls_6595b64144ccf1df_6.0.10586.0_none_8c15ae12515e1c22\COMCTL32.dll
0x00007ffda21d0000 - 0x00007ffda244d000 	C:\WINDOWS\system32\combase.dll
0x00007ffd9f170000 - 0x00007ffd9f1da000 	C:\WINDOWS\system32\bcryptPrimitives.dll
0x00007ffda2170000 - 0x00007ffda21ab000 	C:\WINDOWS\system32\IMM32.DLL
0x0000000062110000 - 0x00000000621e2000 	C:\Program Files\Java\jdk1.8.0_73\jre\bin\msvcr100.dll
0x0000000062820000 - 0x00000000630b0000 	C:\Program Files\Java\jdk1.8.0_73\jre\bin\server\jvm.dll
0x00007ffd9f9b0000 - 0x00007ffd9f9b8000 	C:\WINDOWS\system32\PSAPI.DLL
0x00007ffd90180000 - 0x00007ffd90189000 	C:\WINDOWS\SYSTEM32\WSOCK32.dll
0x00007ffda1710000 - 0x00007ffda177b000 	C:\WINDOWS\system32\WS2_32.dll
0x00007ffd9cc50000 - 0x00007ffd9cc73000 	C:\WINDOWS\SYSTEM32\WINMM.dll
0x00007ffd96630000 - 0x00007ffd9663a000 	C:\WINDOWS\SYSTEM32\VERSION.dll
0x00007ffd9cba0000 - 0x00007ffd9cbcc000 	C:\WINDOWS\SYSTEM32\WINMMBASE.dll
0x00007ffd9f440000 - 0x00007ffd9f483000 	C:\WINDOWS\system32\cfgmgr32.dll
0x0000000062810000 - 0x000000006281f000 	C:\Program Files\Java\jdk1.8.0_73\jre\bin\verify.dll
0x00000000627e0000 - 0x0000000062809000 	C:\Program Files\Java\jdk1.8.0_73\jre\bin\java.dll
0x00000000627c0000 - 0x00000000627d6000 	C:\Program Files\Java\jdk1.8.0_73\jre\bin\zip.dll
0x00007ffd9fac0000 - 0x00007ffda101c000 	C:\WINDOWS\system32\SHELL32.dll
0x00007ffd9eb00000 - 0x00007ffd9f144000 	C:\WINDOWS\system32\windows.storage.dll
0x00007ffda13f0000 - 0x00007ffda1442000 	C:\WINDOWS\system32\shlwapi.dll
0x00007ffd9eac0000 - 0x00007ffd9eacf000 	C:\WINDOWS\system32\kernel.appcore.dll
0x00007ffd9f680000 - 0x00007ffd9f735000 	C:\WINDOWS\system32\shcore.dll
0x00007ffd9ea70000 - 0x00007ffd9eabb000 	C:\WINDOWS\system32\powrprof.dll
0x00007ffd9eae0000 - 0x00007ffd9eaf4000 	C:\WINDOWS\system32\profapi.dll

VM Arguments:
jvm_args: -Djava.awt.headless=true -Xmx1024M -Dfile.encoding=windows-1252 -Duser.country=IN -Duser.language=en -Duser.variant 
java_command: com.android.dx.command.Main --dex --num-threads=4 --output C:\Users\KRYTON\Desktop\AITS\Projects\Gjurma\app\build\intermediates\pre-dexed\debug\com.android.support-support-v4-23.4.0_cfe3b9839ae219a5113bc926c236fe6c01b3999f.jar C:\Users\KRYTON\Desktop\AITS\Projects\Gjurma\app\build\intermediates\exploded-aar\com.android.support\support-v4\23.4.0\jars\classes.jar
java_class_path (initial): C:\Users\KRYTON\AppData\Local\Android\sdk\build-tools\24.0.0\lib\dx.jar
Launcher Type: SUN_STANDARD

Environment Variables:
PATH=C:\ProgramData\Oracle\Java\javapath;C:\Program Files\Java\jdk1.8.0_73\bin;C:\WINDOWS\system32;C:\WINDOWS;C:\WINDOWS\System32\Wbem;C:\WINDOWS\System32\WindowsPowerShell\v1.0\;C:\wamp64\bin\php\php5.6.16;C:\ProgramData\ComposerSetup\bin;C:\Program Files (x86)\PuTTY\;C:\Program Files (x86)\Skype\Phone\;C:\Users\KRYTON\AppData\Roaming\Composer\vendor\bin
USERNAME=KRYTON
OS=Windows_NT
PROCESSOR_IDENTIFIER=Intel64 Family 6 Model 58 Stepping 9, GenuineIntel



---------------  S Y S T E M  ---------------

OS: Windows 10.0 , 64 bit Build 10586 (10.0.10586.0)

CPU:total 4 (2 cores per cpu, 2 threads per core) family 6 model 58 stepping 9, cmov, cx8, fxsr, mmx, sse, sse2, sse3, ssse3, sse4.1, sse4.2, popcnt, avx, aes, clmul, erms, ht, tsc, tscinvbit, tscinv

Memory: 4k page, physical 10358120k(1105868k free), swap 14262088k(6480k free)

vm_info: Java HotSpot(TM) 64-Bit Server VM (25.73-b02) for windows-amd64 JRE (1.8.0_73-b02), built on Jan 29 2016 17:38:49 by "java_re" with MS VC++ 10.0 (VS2010)

time: Wed Oct 12 00:51:54 2016
elapsed time: 8 seconds (0d 0h 0m 8s)

