#
# There is insufficient memory for the Java Runtime Environment to continue.
# Native memory allocation (malloc) failed to allocate 1048576 bytes for AllocateHeap
# Possible reasons:
#   The system is out of physical RAM or swap space
#   In 32 bit mode, the process size limit was hit
# Possible solutions:
#   Reduce memory load on the system
#   Increase physical memory or swap space
#   Check if swap backing store is full
#   Use 64 bit Java on a 64 bit OS
#   Decrease Java heap size (-Xmx/-Xms)
#   Decrease number of Java threads
#   Decrease Java thread stack sizes (-Xss)
#   Set larger code cache with -XX:ReservedCodeCacheSize=
# This output file may be truncated or incomplete.
#
#  Out of Memory Error (memory/allocation.inline.hpp:61), pid=7840, tid=3880
#
# JRE version:  (8.0_73-b02) (build )
# Java VM: Java HotSpot(TM) 64-Bit Server VM (25.73-b02 mixed mode windows-amd64 compressed oops)
# Failed to write core dump. Minidumps are not enabled by default on client versions of Windows
#

---------------  T H R E A D  ---------------

Current thread (0x00000000020c0800):  JavaThread "Unknown thread" [_thread_in_vm, id=3880, stack(0x0000000001ec0000,0x0000000001fc0000)]

Stack: [0x0000000001ec0000,0x0000000001fc0000]
[error occurred during error reporting (printing stack bounds), id 0xc0000005]

Native frames: (J=compiled Java code, j=interpreted, Vv=VM code, C=native code)


---------------  P R O C E S S  ---------------

Java Threads: ( => current thread )

Other Threads:

=>0x00000000020c0800 (exited) JavaThread "Unknown thread" [_thread_in_vm, id=3880, stack(0x0000000001ec0000,0x0000000001fc0000)]

VM state:not at safepoint (normal execution)

VM Mutex/Monitor currently owned by a thread: None

Heap:
 PSYoungGen      total 47616K, used 819K [0x00000000eab00000, 0x00000000ee000000, 0x0000000100000000)
  eden space 40960K, 2% used [0x00000000eab00000,0x00000000eabcccd8,0x00000000ed300000)
  from space 6656K, 0% used [0x00000000ed980000,0x00000000ed980000,0x00000000ee000000)
  to   space 6656K, 0% used [0x00000000ed300000,0x00000000ed300000,0x00000000ed980000)
 ParOldGen       total 109568K, used 0K [0x00000000c0000000, 0x00000000c6b00000, 0x00000000eab00000)
  object space 109568K, 0% used [0x00000000c0000000,0x00000000c0000000,0x00000000c6b00000)
 Metaspace       used 783K, capacity 1092K, committed 1152K, reserved 1060864K
  class space    used 75K, capacity 384K, committed 384K, reserved 1048576K

Card table byte_map: [0x0000000011580000,0x0000000011790000] byte_map_base: 0x0000000010f80000

Marking Bits: (ParMarkBitMap*) 0x0000000063030600
 Begin Bits: [0x0000000011cf0000, 0x0000000012cf0000)
 End Bits:   [0x0000000012cf0000, 0x0000000013cf0000)

Polling page: 0x00000000004f0000

CodeCache: size=245760Kb used=328Kb max_used=328Kb free=245431Kb
 bounds [0x00000000021c0000, 0x0000000002430000, 0x00000000111c0000]
 total_blobs=57 nmethods=0 adapters=37
 compilation: enabled

Compilation events (0 events):
No events

GC Heap History (0 events):
No events

Deoptimization events (0 events):
No events

Internal exceptions (0 events):
No events

Events (10 events):
Event: 0.033 loading class java/lang/Short
Event: 0.033 loading class java/lang/Short done
Event: 0.033 loading class java/lang/Integer
Event: 0.033 loading class java/lang/Integer done
Event: 0.033 loading class java/lang/Long
Event: 0.033 loading class java/lang/Long done
Event: 0.034 loading class java/lang/NullPointerException
Event: 0.034 loading class java/lang/NullPointerException done
Event: 0.034 loading class java/lang/ArithmeticException
Event: 0.034 loading class java/lang/ArithmeticException done


Dynamic libraries:
0x00007ff7de7a0000 - 0x00007ff7de7d7000 	C:\Program Files\Java\jdk1.8.0_73\bin\java.exe
0x00007ffda2450000 - 0x00007ffda2611000 	C:\WINDOWS\SYSTEM32\ntdll.dll
0x00007ffda1020000 - 0x00007ffda10cd000 	C:\WINDOWS\system32\KERNEL32.DLL
0x00007ffd9f490000 - 0x00007ffd9f678000 	C:\WINDOWS\system32\KERNELBASE.dll
0x00007ffda1780000 - 0x00007ffda1827000 	C:\WINDOWS\system32\ADVAPI32.dll
0x00007ffd9f9c0000 - 0x00007ffd9fa5d000 	C:\WINDOWS\system32\msvcrt.dll
0x00007ffda16b0000 - 0x00007ffda170b000 	C:\WINDOWS\system32\sechost.dll
0x00007ffda1e80000 - 0x00007ffda1f9c000 	C:\WINDOWS\system32\RPCRT4.dll
0x00007ffda2010000 - 0x00007ffda2166000 	C:\WINDOWS\system32\USER32.dll
0x00007ffda1520000 - 0x00007ffda16a6000 	C:\WINDOWS\system32\GDI32.dll
0x00007ffd98d00000 - 0x00007ffd98f74000 	C:\WINDOWS\WinSxS\amd64_microsoft.windows.common-controls_6595b64144ccf1df_6.0.10586.0_none_8c15ae12515e1c22\COMCTL32.dll
0x00007ffda21d0000 - 0x00007ffda244d000 	C:\WINDOWS\system32\combase.dll
0x00007ffd9f170000 - 0x00007ffd9f1da000 	C:\WINDOWS\system32\bcryptPrimitives.dll
0x00007ffda2170000 - 0x00007ffda21ab000 	C:\WINDOWS\system32\IMM32.DLL
0x0000000062110000 - 0x00000000621e2000 	C:\Program Files\Java\jdk1.8.0_73\jre\bin\msvcr100.dll
0x0000000062820000 - 0x00000000630b0000 	C:\Program Files\Java\jdk1.8.0_73\jre\bin\server\jvm.dll
0x00007ffd9f9b0000 - 0x00007ffd9f9b8000 	C:\WINDOWS\system32\PSAPI.DLL
0x00007ffd90180000 - 0x00007ffd90189000 	C:\WINDOWS\SYSTEM32\WSOCK32.dll
0x00007ffda1710000 - 0x00007ffda177b000 	C:\WINDOWS\system32\WS2_32.dll
0x00007ffd9cc50000 - 0x00007ffd9cc73000 	C:\WINDOWS\SYSTEM32\WINMM.dll
0x00007ffd96630000 - 0x00007ffd9663a000 	C:\WINDOWS\SYSTEM32\VERSION.dll
0x00007ffd9cba0000 - 0x00007ffd9cbcc000 	C:\WINDOWS\SYSTEM32\WINMMBASE.dll
0x00007ffd9f440000 - 0x00007ffd9f483000 	C:\WINDOWS\system32\cfgmgr32.dll
0x0000000062810000 - 0x000000006281f000 	C:\Program Files\Java\jdk1.8.0_73\jre\bin\verify.dll
0x00000000627e0000 - 0x0000000062809000 	C:\Program Files\Java\jdk1.8.0_73\jre\bin\java.dll
0x00000000627c0000 - 0x00000000627d6000 	C:\Program Files\Java\jdk1.8.0_73\jre\bin\zip.dll

VM Arguments:
jvm_args: -Djava.awt.headless=true -Xmx1024M -Dfile.encoding=windows-1252 -Duser.country=IN -Duser.language=en -Duser.variant 
java_command: com.android.dx.command.Main --dex --num-threads=4 --output C:\Users\KRYTON\Desktop\AITS\Projects\Gjurma\app\build\intermediates\pre-dexed\debug\converter-gson-2.0.2_910f309f1e5ae107d6c68ff257e30338ebd5c242.jar C:\Users\KRYTON\.gradle\caches\modules-2\files-2.1\com.squareup.retrofit2\converter-gson\2.0.2\f8d87f15b94b8d74e7ccf61d7eedb558811cdb30\converter-gson-2.0.2.jar
java_class_path (initial): C:\Users\KRYTON\AppData\Local\Android\sdk\build-tools\24.0.0\lib\dx.jar
Launcher Type: SUN_STANDARD

Environment Variables:
PATH=C:\ProgramData\Oracle\Java\javapath;C:\Program Files\Java\jdk1.8.0_73\bin;C:\WINDOWS\system32;C:\WINDOWS;C:\WINDOWS\System32\Wbem;C:\WINDOWS\System32\WindowsPowerShell\v1.0\;C:\wamp64\bin\php\php5.6.16;C:\ProgramData\ComposerSetup\bin;C:\Program Files (x86)\PuTTY\;C:\Program Files (x86)\Skype\Phone\;C:\Users\KRYTON\AppData\Roaming\Composer\vendor\bin
USERNAME=KRYTON
OS=Windows_NT
PROCESSOR_IDENTIFIER=Intel64 Family 6 Model 58 Stepping 9, GenuineIntel



---------------  S Y S T E M  ---------------

OS: Windows 10.0 , 64 bit Build 10586 (10.0.10586.0)

CPU:total 4 (2 cores per cpu, 2 threads per core) family 6 model 58 stepping 9, cmov, cx8, fxsr, mmx, sse, sse2, sse3, ssse3, sse4.1, sse4.2, popcnt, avx, aes, clmul, erms, ht, tsc, tscinvbit, tscinv

Memory: 4k page, physical 10358120k(971632k free), swap 14191064k(40624k free)

vm_info: Java HotSpot(TM) 64-Bit Server VM (25.73-b02) for windows-amd64 JRE (1.8.0_73-b02), built on Jan 29 2016 17:38:49 by "java_re" with MS VC++ 10.0 (VS2010)

time: Wed Oct 12 00:48:42 2016
elapsed time: 0 seconds (0d 0h 0m 0s)

