#
# There is insufficient memory for the Java Runtime Environment to continue.
# Native memory allocation (malloc) failed to allocate 120272 bytes for Chunk::new
# Possible reasons:
#   The system is out of physical RAM or swap space
#   In 32 bit mode, the process size limit was hit
# Possible solutions:
#   Reduce memory load on the system
#   Increase physical memory or swap space
#   Check if swap backing store is full
#   Use 64 bit Java on a 64 bit OS
#   Decrease Java heap size (-Xmx/-Xms)
#   Decrease number of Java threads
#   Decrease Java thread stack sizes (-Xss)
#   Set larger code cache with -XX:ReservedCodeCacheSize=
# This output file may be truncated or incomplete.
#
#  Out of Memory Error (allocation.cpp:390), pid=3728, tid=5908
#
# JRE version: Java(TM) SE Runtime Environment (8.0_73-b02) (build 1.8.0_73-b02)
# Java VM: Java HotSpot(TM) 64-Bit Server VM (25.73-b02 mixed mode windows-amd64 compressed oops)
# Failed to write core dump. Minidumps are not enabled by default on client versions of Windows
#

---------------  T H R E A D  ---------------

Current thread (0x00000000149aa800):  JavaThread "C2 CompilerThread0" daemon [_thread_in_native, id=5908, stack(0x0000000015ff0000,0x00000000160f0000)]

Stack: [0x0000000015ff0000,0x00000000160f0000]
[error occurred during error reporting (printing stack bounds), id 0xc0000005]

Native frames: (J=compiled Java code, j=interpreted, Vv=VM code, C=native code)


Current CompileTask:
C2:  27399 2284       4       com.android.dx.ssa.ConstCollector::getConstsSortedByCountUse (386 bytes)


---------------  P R O C E S S  ---------------

Java Threads: ( => current thread )
  0x0000000016603800 JavaThread "pool-1-thread-4" [_thread_in_Java, id=12292, stack(0x0000000016cf0000,0x0000000016df0000)]
  0x0000000016602800 JavaThread "pool-1-thread-3" [_thread_in_Java, id=10904, stack(0x0000000016bf0000,0x0000000016cf0000)]
  0x000000001656f000 JavaThread "pool-1-thread-2" [_thread_in_Java, id=9928, stack(0x0000000016af0000,0x0000000016bf0000)]
  0x000000001656e000 JavaThread "pool-2-thread-1" [_thread_blocked, id=1596, stack(0x00000000169f0000,0x0000000016af0000)]
  0x00000000165ef800 JavaThread "pool-1-thread-1" [_thread_in_Java, id=7460, stack(0x00000000168f0000,0x00000000169f0000)]
  0x0000000014a0e800 JavaThread "Service Thread" daemon [_thread_blocked, id=11500, stack(0x00000000166f0000,0x00000000167f0000)]
  0x0000000014a0b800 JavaThread "C1 CompilerThread2" daemon [_thread_blocked, id=11164, stack(0x00000000161f0000,0x00000000162f0000)]
  0x0000000014a08800 JavaThread "C2 CompilerThread1" daemon [_thread_blocked, id=7180, stack(0x00000000160f0000,0x00000000161f0000)]
=>0x00000000149aa800 JavaThread "C2 CompilerThread0" daemon [_thread_in_native, id=5908, stack(0x0000000015ff0000,0x00000000160f0000)]
  0x00000000149a7800 JavaThread "Attach Listener" daemon [_thread_blocked, id=2036, stack(0x0000000015ef0000,0x0000000015ff0000)]
  0x00000000149a6000 JavaThread "Signal Dispatcher" daemon [_thread_blocked, id=5336, stack(0x0000000015df0000,0x0000000015ef0000)]
  0x00000000022d0000 JavaThread "Finalizer" daemon [_thread_blocked, id=2196, stack(0x0000000015c10000,0x0000000015d10000)]
  0x00000000022cd000 JavaThread "Reference Handler" daemon [_thread_blocked, id=6960, stack(0x0000000015b10000,0x0000000015c10000)]
  0x00000000021e0800 JavaThread "main" [_thread_in_Java, id=8080, stack(0x0000000001fe0000,0x00000000020e0000)]

Other Threads:
  0x0000000014978000 VMThread [stack: 0x0000000015a10000,0x0000000015b10000] [id=8720]
  0x0000000016311800 WatcherThread [stack: 0x00000000167f0000,0x00000000168f0000] [id=6700]

VM state:not at safepoint (normal execution)

VM Mutex/Monitor currently owned by a thread: None

Heap:
 PSYoungGen      total 232960K, used 149460K [0x00000000eab00000, 0x0000000100000000, 0x0000000100000000)
  eden space 116736K, 41% used [0x00000000eab00000,0x00000000eda06510,0x00000000f1d00000)
  from space 116224K, 87% used [0x00000000f1d00000,0x00000000f7feeed8,0x00000000f8e80000)
  to   space 116224K, 0% used [0x00000000f8e80000,0x00000000f8e80000,0x0000000100000000)
 ParOldGen       total 319488K, used 133198K [0x00000000c0000000, 0x00000000d3800000, 0x00000000eab00000)
  object space 319488K, 41% used [0x00000000c0000000,0x00000000c82139f8,0x00000000d3800000)
 Metaspace       used 6497K, capacity 7256K, committed 7424K, reserved 1056768K
  class space    used 622K, capacity 656K, committed 768K, reserved 1048576K

Card table byte_map: [0x00000000116a0000,0x00000000118b0000] byte_map_base: 0x00000000110a0000

Marking Bits: (ParMarkBitMap*) 0x0000000063030600
 Begin Bits: [0x0000000011e10000, 0x0000000012e10000)
 End Bits:   [0x0000000012e10000, 0x0000000013e10000)

Polling page: 0x0000000000520000

CodeCache: size=245760Kb used=8474Kb max_used=10227Kb free=237285Kb
 bounds [0x00000000022e0000, 0x0000000002d20000, 0x00000000112e0000]
 total_blobs=2044 nmethods=1775 adapters=181
 compilation: enabled

Compilation events (10 events):
Event: 27.330 Thread 0x0000000014a0b800 nmethod 2279 0x00000000024803d0 code [0x00000000024805c0, 0x0000000002480da8]
Event: 27.330 Thread 0x0000000014a0b800 2280       1       com.android.dx.cf.attrib.AttEnclosingMethod::byteLength (3 bytes)
Event: 27.330 Thread 0x0000000014a0b800 nmethod 2280 0x000000000240c290 code [0x000000000240c3e0, 0x000000000240c4f0]
Event: 27.331 Thread 0x0000000014a0b800 2281       3       com.android.dx.rop.cst.CstArray$List::<init> (6 bytes)
Event: 27.331 Thread 0x0000000014a0b800 nmethod 2281 0x00000000024c8090 code [0x00000000024c8200, 0x00000000024c8388]
Event: 27.331 Thread 0x0000000014a0b800 2282       3       com.android.dx.rop.cst.CstArray::<init> (28 bytes)
Event: 27.332 Thread 0x0000000014a0b800 nmethod 2282 0x0000000002501890 code [0x0000000002501a40, 0x0000000002501f58]
Event: 27.343 Thread 0x0000000014a08800 2283       4       java.lang.String::<init> (82 bytes)
Event: 27.343 Thread 0x00000000149aa800 2284       4       com.android.dx.ssa.ConstCollector::getConstsSortedByCountUse (386 bytes)
Event: 27.348 Thread 0x0000000014a08800 nmethod 2283 0x000000000245a710 code [0x000000000245a860, 0x000000000245ab38]

GC Heap History (10 events):
Event: 17.844 GC heap before
{Heap before GC invocations=9 (full 1):
 PSYoungGen      total 216576K, used 216158K [0x00000000eab00000, 0x0000000100000000, 0x0000000100000000)
  eden space 124928K, 100% used [0x00000000eab00000,0x00000000f2500000,0x00000000f2500000)
  from space 91648K, 99% used [0x00000000f2500000,0x00000000f7e178c8,0x00000000f7e80000)
  to   space 116224K, 0% used [0x00000000f8e80000,0x00000000f8e80000,0x0000000100000000)
 ParOldGen       total 310272K, used 149900K [0x00000000c0000000, 0x00000000d2f00000, 0x00000000eab00000)
  object space 310272K, 48% used [0x00000000c0000000,0x00000000c9263230,0x00000000d2f00000)
 Metaspace       used 6441K, capacity 7192K, committed 7424K, reserved 1056768K
  class space    used 622K, capacity 656K, committed 768K, reserved 1048576K
Event: 20.434 GC heap after
Heap after GC invocations=9 (full 1):
 PSYoungGen      total 232960K, used 116195K [0x00000000eab00000, 0x0000000100000000, 0x0000000100000000)
  eden space 116736K, 0% used [0x00000000eab00000,0x00000000eab00000,0x00000000f1d00000)
  from space 116224K, 99% used [0x00000000f8e80000,0x00000000ffff8e88,0x0000000100000000)
  to   space 116224K, 0% used [0x00000000f1d00000,0x00000000f1d00000,0x00000000f8e80000)
 ParOldGen       total 310272K, used 168799K [0x00000000c0000000, 0x00000000d2f00000, 0x00000000eab00000)
  object space 310272K, 54% used [0x00000000c0000000,0x00000000ca4d7e48,0x00000000d2f00000)
 Metaspace       used 6441K, capacity 7192K, committed 7424K, reserved 1056768K
  class space    used 622K, capacity 656K, committed 768K, reserved 1048576K
}
Event: 24.072 GC heap before
{Heap before GC invocations=10 (full 1):
 PSYoungGen      total 232960K, used 232931K [0x00000000eab00000, 0x0000000100000000, 0x0000000100000000)
  eden space 116736K, 100% used [0x00000000eab00000,0x00000000f1d00000,0x00000000f1d00000)
  from space 116224K, 99% used [0x00000000f8e80000,0x00000000ffff8e88,0x0000000100000000)
  to   space 116224K, 0% used [0x00000000f1d00000,0x00000000f1d00000,0x00000000f8e80000)
 ParOldGen       total 310272K, used 168799K [0x00000000c0000000, 0x00000000d2f00000, 0x00000000eab00000)
  object space 310272K, 54% used [0x00000000c0000000,0x00000000ca4d7e48,0x00000000d2f00000)
 Metaspace       used 6488K, capacity 7256K, committed 7424K, reserved 1056768K
  class space    used 622K, capacity 656K, committed 768K, reserved 1048576K
Event: 24.772 GC heap after
Heap after GC invocations=10 (full 1):
 PSYoungGen      total 232960K, used 116216K [0x00000000eab00000, 0x0000000100000000, 0x0000000100000000)
  eden space 116736K, 0% used [0x00000000eab00000,0x00000000eab00000,0x00000000f1d00000)
  from space 116224K, 99% used [0x00000000f1d00000,0x00000000f8e7e1b8,0x00000000f8e80000)
  to   space 116224K, 0% used [0x00000000f8e80000,0x00000000f8e80000,0x0000000100000000)
 ParOldGen       total 310272K, used 230472K [0x00000000c0000000, 0x00000000d2f00000, 0x00000000eab00000)
  object space 310272K, 74% used [0x00000000c0000000,0x00000000ce1123e0,0x00000000d2f00000)
 Metaspace       used 6488K, capacity 7256K, committed 7424K, reserved 1056768K
  class space    used 622K, capacity 656K, committed 768K, reserved 1048576K
}
Event: 24.772 GC heap before
{Heap before GC invocations=11 (full 2):
 PSYoungGen      total 232960K, used 116216K [0x00000000eab00000, 0x0000000100000000, 0x0000000100000000)
  eden space 116736K, 0% used [0x00000000eab00000,0x00000000eab00000,0x00000000f1d00000)
  from space 116224K, 99% used [0x00000000f1d00000,0x00000000f8e7e1b8,0x00000000f8e80000)
  to   space 116224K, 0% used [0x00000000f8e80000,0x00000000f8e80000,0x0000000100000000)
 ParOldGen       total 310272K, used 230472K [0x00000000c0000000, 0x00000000d2f00000, 0x00000000eab00000)
  object space 310272K, 74% used [0x00000000c0000000,0x00000000ce1123e0,0x00000000d2f00000)
 Metaspace       used 6488K, capacity 7256K, committed 7424K, reserved 1056768K
  class space    used 622K, capacity 656K, committed 768K, reserved 1048576K
Event: 26.457 GC heap after
Heap after GC invocations=11 (full 2):
 PSYoungGen      total 232960K, used 0K [0x00000000eab00000, 0x0000000100000000, 0x0000000100000000)
  eden space 116736K, 0% used [0x00000000eab00000,0x00000000eab00000,0x00000000f1d00000)
  from space 116224K, 0% used [0x00000000f1d00000,0x00000000f1d00000,0x00000000f8e80000)
  to   space 116224K, 0% used [0x00000000f8e80000,0x00000000f8e80000,0x0000000100000000)
 ParOldGen       total 319488K, used 133190K [0x00000000c0000000, 0x00000000d3800000, 0x00000000eab00000)
  object space 319488K, 41% used [0x00000000c0000000,0x00000000c82119f8,0x00000000d3800000)
 Metaspace       used 6488K, capacity 7256K, committed 7424K, reserved 1056768K
  class space    used 622K, capacity 656K, committed 768K, reserved 1048576K
}
Event: 26.680 GC heap before
{Heap before GC invocations=12 (full 2):
 PSYoungGen      total 232960K, used 116736K [0x00000000eab00000, 0x0000000100000000, 0x0000000100000000)
  eden space 116736K, 100% used [0x00000000eab00000,0x00000000f1d00000,0x00000000f1d00000)
  from space 116224K, 0% used [0x00000000f1d00000,0x00000000f1d00000,0x00000000f8e80000)
  to   space 116224K, 0% used [0x00000000f8e80000,0x00000000f8e80000,0x0000000100000000)
 ParOldGen       total 319488K, used 133190K [0x00000000c0000000, 0x00000000d3800000, 0x00000000eab00000)
  object space 319488K, 41% used [0x00000000c0000000,0x00000000c82119f8,0x00000000d3800000)
 Metaspace       used 6492K, capacity 7256K, committed 7424K, reserved 1056768K
  class space    used 622K, capacity 656K, committed 768K, reserved 1048576K
Event: 26.706 GC heap after
Heap after GC invocations=12 (full 2):
 PSYoungGen      total 232960K, used 57195K [0x00000000eab00000, 0x0000000100000000, 0x0000000100000000)
  eden space 116736K, 0% used [0x00000000eab00000,0x00000000eab00000,0x00000000f1d00000)
  from space 116224K, 49% used [0x00000000f8e80000,0x00000000fc65ad58,0x0000000100000000)
  to   space 116224K, 0% used [0x00000000f1d00000,0x00000000f1d00000,0x00000000f8e80000)
 ParOldGen       total 319488K, used 133198K [0x00000000c0000000, 0x00000000d3800000, 0x00000000eab00000)
  object space 319488K, 41% used [0x00000000c0000000,0x00000000c82139f8,0x00000000d3800000)
 Metaspace       used 6492K, capacity 7256K, committed 7424K, reserved 1056768K
  class space    used 622K, capacity 656K, committed 768K, reserved 1048576K
}
Event: 26.894 GC heap before
{Heap before GC invocations=13 (full 2):
 PSYoungGen      total 232960K, used 173931K [0x00000000eab00000, 0x0000000100000000, 0x0000000100000000)
  eden space 116736K, 100% used [0x00000000eab00000,0x00000000f1d00000,0x00000000f1d00000)
  from space 116224K, 49% used [0x00000000f8e80000,0x00000000fc65ad58,0x0000000100000000)
  to   space 116224K, 0% used [0x00000000f1d00000,0x00000000f1d00000,0x00000000f8e80000)
 ParOldGen       total 319488K, used 133198K [0x00000000c0000000, 0x00000000d3800000, 0x00000000eab00000)
  object space 319488K, 41% used [0x00000000c0000000,0x00000000c82139f8,0x00000000d3800000)
 Metaspace       used 6492K, capacity 7256K, committed 7424K, reserved 1056768K
  class space    used 622K, capacity 656K, committed 768K, reserved 1048576K
Event: 27.020 GC heap after
Heap after GC invocations=13 (full 2):
 PSYoungGen      total 232960K, used 101307K [0x00000000eab00000, 0x0000000100000000, 0x0000000100000000)
  eden space 116736K, 0% used [0x00000000eab00000,0x00000000eab00000,0x00000000f1d00000)
  from space 116224K, 87% used [0x00000000f1d00000,0x00000000f7feeed8,0x00000000f8e80000)
  to   space 116224K, 0% used [0x00000000f8e80000,0x00000000f8e80000,0x0000000100000000)
 ParOldGen       total 319488K, used 133198K [0x00000000c0000000, 0x00000000d3800000, 0x00000000eab00000)
  object space 319488K, 41% used [0x00000000c0000000,0x00000000c82139f8,0x00000000d3800000)
 Metaspace       used 6492K, capacity 7256K, committed 7424K, reserved 1056768K
  class space    used 622K, capacity 656K, committed 768K, reserved 1048576K
}

Deoptimization events (10 events):
Event: 22.358 Thread 0x00000000021e0800 Uncommon trap: reason=speculate_class_check action=maybe_recompile pc=0x00000000029ebb2c method=com.android.dx.rop.cst.TypedConstant.getBasicType()I @ 1
Event: 22.652 Thread 0x00000000021e0800 Uncommon trap: reason=bimorphic action=maybe_recompile pc=0x0000000002a05294 method=com.android.dx.cf.code.BytecodeArray.parseInstruction(ILcom/android/dx/cf/code/BytecodeArray$Visitor;)I @ 1501
Event: 22.652 Thread 0x00000000021e0800 Uncommon trap: reason=bimorphic action=maybe_recompile pc=0x0000000002a05294 method=com.android.dx.cf.code.BytecodeArray.parseInstruction(ILcom/android/dx/cf/code/BytecodeArray$Visitor;)I @ 1501
Event: 22.668 Thread 0x00000000021e0800 Uncommon trap: reason=class_check action=maybe_recompile pc=0x0000000002ae5150 method=com.android.dx.ssa.SCCP.simulateMath(Lcom/android/dx/ssa/SsaInsn;I)Lcom/android/dx/rop/cst/Constant; @ 67
Event: 22.668 Thread 0x00000000021e0800 Uncommon trap: reason=class_check action=maybe_recompile pc=0x0000000002ae5150 method=com.android.dx.ssa.SCCP.simulateMath(Lcom/android/dx/ssa/SsaInsn;I)Lcom/android/dx/rop/cst/Constant; @ 67
Event: 22.668 Thread 0x00000000021e0800 Uncommon trap: reason=class_check action=maybe_recompile pc=0x0000000002ae5150 method=com.android.dx.ssa.SCCP.simulateMath(Lcom/android/dx/ssa/SsaInsn;I)Lcom/android/dx/rop/cst/Constant; @ 67
Event: 22.668 Thread 0x00000000021e0800 Uncommon trap: reason=class_check action=maybe_recompile pc=0x0000000002ae5150 method=com.android.dx.ssa.SCCP.simulateMath(Lcom/android/dx/ssa/SsaInsn;I)Lcom/android/dx/rop/cst/Constant; @ 67
Event: 23.329 Thread 0x00000000021e0800 Uncommon trap: reason=unstable_if action=reinterpret pc=0x0000000002c524fc method=com.android.dx.dex.code.RopTranslator.pickOrder()V @ 130
Event: 26.557 Thread 0x00000000021e0800 Uncommon trap: reason=unstable_if action=reinterpret pc=0x0000000002af2b44 method=com.android.dx.ssa.Dominators.run()V @ 346
Event: 27.196 Thread 0x00000000021e0800 Uncommon trap: reason=speculate_class_check action=maybe_recompile pc=0x00000000029ebb2c method=com.android.dx.rop.cst.TypedConstant.getBasicType()I @ 1

Internal exceptions (6 events):
Event: 0.212 Thread 0x00000000021e0800 Exception <a 'java/lang/NoSuchMethodError': Method sun.misc.Unsafe.defineClass(Ljava/lang/String;[BII)Ljava/lang/Class; name or signature does not match> (0x00000000eab0d450) thrown at [D:\re\puppet\workspace\8-2-build-windows-amd64-cygwin\jdk8u73\6086\hot_21?
Event: 0.212 Thread 0x00000000021e0800 Exception <a 'java/lang/NoSuchMethodError': Method sun.misc.Unsafe.prefetchRead(Ljava/lang/Object;J)V name or signature does not match> (0x00000000eab0d738) thrown at [D:\re\puppet\workspace\8-2-build-windows-amd64-cygwin\jdk8u73\6086\hotspot\src\share\vm\矢季味@
Event: 2.214 Thread 0x0000000016602800 Implicit null exception at 0x00000000025946e2 to 0x00000000025947d2
Event: 6.139 Thread 0x0000000016602800 Exception <a 'java/lang/ArrayIndexOutOfBoundsException': 18> (0x00000000ef882fb8) thrown at [D:\re\puppet\workspace\8-2-build-windows-amd64-cygwin\jdk8u73\6086\hotspot\src\share\vm\interpreter\interpreterRuntime.cpp, line 366]
Event: 6.140 Thread 0x0000000016602800 Exception <a 'java/lang/ArrayIndexOutOfBoundsException': 145> (0x00000000ef884b38) thrown at [D:\re\puppet\workspace\8-2-build-windows-amd64-cygwin\jdk8u73\6086\hotspot\src\share\vm\interpreter\interpreterRuntime.cpp, line 366]
Event: 6.141 Thread 0x0000000016602800 Exception <a 'java/lang/ArrayIndexOutOfBoundsException'> (0x00000000ef885e20) thrown at [D:\re\puppet\workspace\8-2-build-windows-amd64-cygwin\jdk8u73\6086\hotspot\src\share\vm\runtime\sharedRuntime.cpp, line 605]

Events (10 events):
Event: 27.054 Thread 0x00000000165ef800 DEOPT UNPACKING pc=0x000000000232787f sp=0x00000000169ee330 mode 0
Event: 27.096 Thread 0x0000000016602800 DEOPT PACKING pc=0x0000000002cd0e41 sp=0x0000000016ceebb0
Event: 27.096 Thread 0x0000000016602800 DEOPT UNPACKING pc=0x000000000232787f sp=0x0000000016cee940 mode 0
Event: 27.196 Thread 0x00000000021e0800 Uncommon trap: trap_request=0xffffff76 fr.pc=0x00000000029ebb2c
Event: 27.196 Thread 0x00000000021e0800 DEOPT PACKING pc=0x00000000029ebb2c sp=0x00000000020de680
Event: 27.196 Thread 0x00000000021e0800 DEOPT UNPACKING pc=0x000000000232582a sp=0x00000000020de5d0 mode 2
Event: 27.229 Thread 0x000000001656f000 DEOPT PACKING pc=0x0000000002cd0e41 sp=0x0000000016beec50
Event: 27.229 Thread 0x000000001656f000 DEOPT UNPACKING pc=0x000000000232787f sp=0x0000000016bee9e0 mode 0
Event: 27.305 Thread 0x0000000016603800 DEOPT PACKING pc=0x0000000002cd0e41 sp=0x0000000016deeb40
Event: 27.305 Thread 0x0000000016603800 DEOPT UNPACKING pc=0x000000000232787f sp=0x0000000016dee8d0 mode 0


Dynamic libraries:
0x00007ff7de7a0000 - 0x00007ff7de7d7000 	C:\Program Files\Java\jdk1.8.0_73\bin\java.exe
0x00007ffda2450000 - 0x00007ffda2611000 	C:\WINDOWS\SYSTEM32\ntdll.dll
0x00007ffda1020000 - 0x00007ffda10cd000 	C:\WINDOWS\system32\KERNEL32.DLL
0x00007ffd9f490000 - 0x00007ffd9f678000 	C:\WINDOWS\system32\KERNELBASE.dll
0x00007ffda1780000 - 0x00007ffda1827000 	C:\WINDOWS\system32\ADVAPI32.dll
0x00007ffd9f9c0000 - 0x00007ffd9fa5d000 	C:\WINDOWS\system32\msvcrt.dll
0x00007ffda16b0000 - 0x00007ffda170b000 	C:\WINDOWS\system32\sechost.dll
0x00007ffda1e80000 - 0x00007ffda1f9c000 	C:\WINDOWS\system32\RPCRT4.dll
0x00007ffda2010000 - 0x00007ffda2166000 	C:\WINDOWS\system32\USER32.dll
0x00007ffda1520000 - 0x00007ffda16a6000 	C:\WINDOWS\system32\GDI32.dll
0x00007ffd98d00000 - 0x00007ffd98f74000 	C:\WINDOWS\WinSxS\amd64_microsoft.windows.common-controls_6595b64144ccf1df_6.0.10586.0_none_8c15ae12515e1c22\COMCTL32.dll
0x00007ffda21d0000 - 0x00007ffda244d000 	C:\WINDOWS\system32\combase.dll
0x00007ffd9f170000 - 0x00007ffd9f1da000 	C:\WINDOWS\system32\bcryptPrimitives.dll
0x00007ffda2170000 - 0x00007ffda21ab000 	C:\WINDOWS\system32\IMM32.DLL
0x0000000062110000 - 0x00000000621e2000 	C:\Program Files\Java\jdk1.8.0_73\jre\bin\msvcr100.dll
0x0000000062820000 - 0x00000000630b0000 	C:\Program Files\Java\jdk1.8.0_73\jre\bin\server\jvm.dll
0x00007ffd9f9b0000 - 0x00007ffd9f9b8000 	C:\WINDOWS\system32\PSAPI.DLL
0x00007ffd90180000 - 0x00007ffd90189000 	C:\WINDOWS\SYSTEM32\WSOCK32.dll
0x00007ffda1710000 - 0x00007ffda177b000 	C:\WINDOWS\system32\WS2_32.dll
0x00007ffd9cc50000 - 0x00007ffd9cc73000 	C:\WINDOWS\SYSTEM32\WINMM.dll
0x00007ffd96630000 - 0x00007ffd9663a000 	C:\WINDOWS\SYSTEM32\VERSION.dll
0x00007ffd9cba0000 - 0x00007ffd9cbcc000 	C:\WINDOWS\SYSTEM32\WINMMBASE.dll
0x00007ffd9f440000 - 0x00007ffd9f483000 	C:\WINDOWS\system32\cfgmgr32.dll
0x0000000062810000 - 0x000000006281f000 	C:\Program Files\Java\jdk1.8.0_73\jre\bin\verify.dll
0x00000000627e0000 - 0x0000000062809000 	C:\Program Files\Java\jdk1.8.0_73\jre\bin\java.dll
0x00000000627c0000 - 0x00000000627d6000 	C:\Program Files\Java\jdk1.8.0_73\jre\bin\zip.dll
0x00007ffd9fac0000 - 0x00007ffda101c000 	C:\WINDOWS\system32\SHELL32.dll
0x00007ffd9eb00000 - 0x00007ffd9f144000 	C:\WINDOWS\system32\windows.storage.dll
0x00007ffda13f0000 - 0x00007ffda1442000 	C:\WINDOWS\system32\shlwapi.dll
0x00007ffd9eac0000 - 0x00007ffd9eacf000 	C:\WINDOWS\system32\kernel.appcore.dll
0x00007ffd9f680000 - 0x00007ffd9f735000 	C:\WINDOWS\system32\shcore.dll
0x00007ffd9ea70000 - 0x00007ffd9eabb000 	C:\WINDOWS\system32\powrprof.dll
0x00007ffd9eae0000 - 0x00007ffd9eaf4000 	C:\WINDOWS\system32\profapi.dll

VM Arguments:
jvm_args: -Djava.awt.headless=true -Xmx1024M -Dfile.encoding=windows-1252 -Duser.country=IN -Duser.language=en -Duser.variant 
java_command: com.android.dx.command.Main --dex --num-threads=4 --output C:\Users\KRYTON\Desktop\AITS\Projects\Gjurma\app\build\intermediates\pre-dexed\debug\com.google.android.gms-play-services-ads-9.0.0_2bcc3990a3a1c1d48482367cdcf600731cef6c25.jar C:\Users\KRYTON\Desktop\AITS\Projects\Gjurma\app\build\intermediates\exploded-aar\com.google.android.gms\play-services-ads\9.0.0\jars\classes.jar
java_class_path (initial): C:\Users\KRYTON\AppData\Local\Android\sdk\build-tools\24.0.0\lib\dx.jar
Launcher Type: SUN_STANDARD

Environment Variables:
PATH=C:\ProgramData\Oracle\Java\javapath;C:\Program Files\Java\jdk1.8.0_73\bin;C:\WINDOWS\system32;C:\WINDOWS;C:\WINDOWS\System32\Wbem;C:\WINDOWS\System32\WindowsPowerShell\v1.0\;C:\wamp64\bin\php\php5.6.16;C:\ProgramData\ComposerSetup\bin;C:\Program Files (x86)\PuTTY\;C:\Program Files (x86)\Skype\Phone\;C:\Users\KRYTON\AppData\Roaming\Composer\vendor\bin
USERNAME=KRYTON
OS=Windows_NT
PROCESSOR_IDENTIFIER=Intel64 Family 6 Model 58 Stepping 9, GenuineIntel



---------------  S Y S T E M  ---------------

OS: Windows 10.0 , 64 bit Build 10586 (10.0.10586.0)

CPU:total 4 (2 cores per cpu, 2 threads per core) family 6 model 58 stepping 9, cmov, cx8, fxsr, mmx, sse, sse2, sse3, ssse3, sse4.1, sse4.2, popcnt, avx, aes, clmul, erms, ht, tsc, tscinvbit, tscinv

Memory: 4k page, physical 10358120k(1816620k free), swap 14262088k(5124k free)

vm_info: Java HotSpot(TM) 64-Bit Server VM (25.73-b02) for windows-amd64 JRE (1.8.0_73-b02), built on Jan 29 2016 17:38:49 by "java_re" with MS VC++ 10.0 (VS2010)

time: Wed Oct 12 00:57:14 2016
elapsed time: 27 seconds (0d 0h 0m 27s)

